\BOOKMARK [0][-]{chapter.1}{\376\377\0001\000\040\000H\000O\000W\000\040\000T\000O\000\040\000C\000L\000O\000N\000E\000\040\000T\000H\000I\000S\000\040\000R\000E\000P\000O\000S\000I\000T\000O\000R\000Y\000\040\000I\000N\000T\000O\000\040\000C\000O\000D\000E\000\040\000C\000O\000M\000P\000O\000S\000E\000R}{}% 1
\BOOKMARK [1][-]{section.1.1}{\376\377\0001\000.\0001\000\040\000H\000O\000W\000\040\000T\000O\000\040\000U\000S\000E\000\040\000T\000H\000E\000\040\000P\000R\000O\000J\000E\000C\000T}{chapter.1}% 2
\BOOKMARK [2][-]{subsection.1.1.1}{\376\377\0001\000.\0001\000.\0001\000\040\000R\000e\000m\000e\000x}{section.1.1}% 3
\BOOKMARK [2][-]{subsection.1.1.2}{\376\377\0001\000.\0001\000.\0002\000\040\000H\000a\000r\000d\000w\000a\000r\000e\000\040\000I\000O}{section.1.1}% 4
\BOOKMARK [3][-]{subsubsection.1.1.2.1}{\376\377\0001\000.\0001\000.\0002\000.\0001\000\040\000Q\000E\000I\000\040\000I\000n\000t\000e\000r\000f\000a\000c\000e}{subsection.1.1.2}% 5
\BOOKMARK [3][-]{subsubsection.1.1.2.2}{\376\377\0001\000.\0001\000.\0002\000.\0002\000\040\000L\000i\000m\000i\000t\000\040\000s\000w\000i\000t\000c\000h\000e\000s}{subsection.1.1.2}% 6
\BOOKMARK [2][-]{subsection.1.1.3}{\376\377\0001\000.\0001\000.\0003\000\040\000A\000D\000C}{section.1.1}% 7
\BOOKMARK [2][-]{subsection.1.1.4}{\376\377\0001\000.\0001\000.\0004\000\040\000P\000W\000M}{section.1.1}% 8
\BOOKMARK [2][-]{subsection.1.1.5}{\376\377\0001\000.\0001\000.\0005\000\040\000I\0002\000C}{section.1.1}% 9
\BOOKMARK [2][-]{subsection.1.1.6}{\376\377\0001\000.\0001\000.\0006\000\040\000M\000a\000i\000n}{section.1.1}% 10
\BOOKMARK [0][-]{chapter.2}{\376\377\0002\000\040\000F\000i\000l\000e\000\040\000I\000n\000d\000e\000x}{}% 11
\BOOKMARK [1][-]{section.2.1}{\376\377\0002\000.\0001\000\040\000F\000i\000l\000e\000\040\000L\000i\000s\000t}{chapter.2}% 12
\BOOKMARK [0][-]{chapter.3}{\376\377\0003\000\040\000F\000i\000l\000e\000\040\000D\000o\000c\000u\000m\000e\000n\000t\000a\000t\000i\000o\000n}{}% 13
\BOOKMARK [1][-]{section.3.1}{\376\377\0003\000.\0001\000\040\000a\000d\000c\000.\000c\000\040\000F\000i\000l\000e\000\040\000R\000e\000f\000e\000r\000e\000n\000c\000e}{chapter.3}% 14
\BOOKMARK [2][-]{subsection.3.1.1}{\376\377\0003\000.\0001\000.\0001\000\040\000F\000u\000n\000c\000t\000i\000o\000n\000\040\000D\000o\000c\000u\000m\000e\000n\000t\000a\000t\000i\000o\000n}{section.3.1}% 15
\BOOKMARK [3][-]{subsubsection.3.1.1.1}{\376\377\0003\000.\0001\000.\0001\000.\0001\000\040\000A\000D\000C\0001\0000\000\137\000I\000S\000R\000\050\000\051}{subsection.3.1.1}% 16
\BOOKMARK [3][-]{subsubsection.3.1.1.2}{\376\377\0003\000.\0001\000.\0001\000.\0002\000\040\000r\000e\000a\000d\000\137\000a\000d\000c\000\050\000\051}{subsection.3.1.1}% 17
\BOOKMARK [3][-]{subsubsection.3.1.1.3}{\376\377\0003\000.\0001\000.\0001\000.\0003\000\040\000s\000e\000t\000u\000p\000\137\000A\000D\000C\000\050\000\051}{subsection.3.1.1}% 18
\BOOKMARK [3][-]{subsubsection.3.1.1.4}{\376\377\0003\000.\0001\000.\0001\000.\0004\000\040\000P\000I\000N\000\040\000C\000h\000a\000n\000n\000e\000l}{subsection.3.1.1}% 19
\BOOKMARK [1][-]{section.3.2}{\376\377\0003\000.\0002\000\040\000a\000d\000c\000.\000h\000\040\000F\000i\000l\000e\000\040\000R\000e\000f\000e\000r\000e\000n\000c\000e}{chapter.3}% 20
\BOOKMARK [2][-]{subsection.3.2.1}{\376\377\0003\000.\0002\000.\0001\000\040\000M\000a\000c\000r\000o\000\040\000D\000e\000f\000i\000n\000i\000t\000i\000o\000n\000\040\000D\000o\000c\000u\000m\000e\000n\000t\000a\000t\000i\000o\000n}{section.3.2}% 21
\BOOKMARK [3][-]{subsubsection.3.2.1.1}{\376\377\0003\000.\0002\000.\0001\000.\0001\000\040\000C\000H\000A\000N\000N\000E\000L\000\137\000A}{subsection.3.2.1}% 22
\BOOKMARK [3][-]{subsubsection.3.2.1.2}{\376\377\0003\000.\0002\000.\0001\000.\0002\000\040\000C\000H\000A\000N\000N\000E\000L\000\137\000B}{subsection.3.2.1}% 23
\BOOKMARK [3][-]{subsubsection.3.2.1.3}{\376\377\0003\000.\0002\000.\0001\000.\0003\000\040\000C\000H\000A\000N\000N\000E\000L\000\137\000C}{subsection.3.2.1}% 24
\BOOKMARK [2][-]{subsection.3.2.2}{\376\377\0003\000.\0002\000.\0002\000\040\000F\000u\000n\000c\000t\000i\000o\000n\000\040\000D\000o\000c\000u\000m\000e\000n\000t\000a\000t\000i\000o\000n}{section.3.2}% 25
\BOOKMARK [3][-]{subsubsection.3.2.2.1}{\376\377\0003\000.\0002\000.\0002\000.\0001\000\040\000r\000e\000a\000d\000\137\000a\000d\000c\000\050\000\051}{subsection.3.2.2}% 26
\BOOKMARK [3][-]{subsubsection.3.2.2.2}{\376\377\0003\000.\0002\000.\0002\000.\0002\000\040\000s\000e\000t\000u\000p\000\137\000A\000D\000C\000\050\000\051}{subsection.3.2.2}% 27
\BOOKMARK [3][-]{subsubsection.3.2.2.3}{\376\377\0003\000.\0002\000.\0002\000.\0003\000\040\000P\000I\000N\000\040\000C\000h\000a\000n\000n\000e\000l}{subsection.3.2.2}% 28
\BOOKMARK [2][-]{subsection.3.2.3}{\376\377\0003\000.\0002\000.\0003\000\040\000V\000a\000r\000i\000a\000b\000l\000e\000\040\000D\000o\000c\000u\000m\000e\000n\000t\000a\000t\000i\000o\000n}{section.3.2}% 29
\BOOKMARK [3][-]{subsubsection.3.2.3.1}{\376\377\0003\000.\0002\000.\0003\000.\0001\000\040\000a\000d\000c\000\137\000c\000a\000l\000l\000b\000a\000c\000k\000A}{subsection.3.2.3}% 30
\BOOKMARK [3][-]{subsubsection.3.2.3.2}{\376\377\0003\000.\0002\000.\0003\000.\0002\000\040\000a\000d\000c\000\137\000c\000a\000l\000l\000b\000a\000c\000k\000B}{subsection.3.2.3}% 31
\BOOKMARK [3][-]{subsubsection.3.2.3.3}{\376\377\0003\000.\0002\000.\0003\000.\0003\000\040\000a\000d\000c\000\137\000c\000a\000l\000l\000b\000a\000c\000k\000C}{subsection.3.2.3}% 32
\BOOKMARK [1][-]{section.3.3}{\376\377\0003\000.\0003\000\040\000h\000a\000r\000d\000w\000a\000r\000e\000I\000O\000.\000c\000\040\000F\000i\000l\000e\000\040\000R\000e\000f\000e\000r\000e\000n\000c\000e}{chapter.3}% 33
\BOOKMARK [2][-]{subsection.3.3.1}{\376\377\0003\000.\0003\000.\0001\000\040\000F\000u\000n\000c\000t\000i\000o\000n\000\040\000D\000o\000c\000u\000m\000e\000n\000t\000a\000t\000i\000o\000n}{section.3.3}% 34
\BOOKMARK [3][-]{subsubsection.3.3.1.1}{\376\377\0003\000.\0003\000.\0001\000.\0001\000\040\000i\000n\000i\000t\000\137\000e\000n\000c\000o\000d\000e\000r\000s\000\050\000\051}{subsection.3.3.1}% 35
\BOOKMARK [3][-]{subsubsection.3.3.1.2}{\376\377\0003\000.\0003\000.\0001\000.\0002\000\040\000P\000o\000r\000t\000\137\0002\000\050\000\051}{subsection.3.3.1}% 36
\BOOKMARK [2][-]{subsection.3.3.2}{\376\377\0003\000.\0003\000.\0002\000\040\000V\000a\000r\000i\000a\000b\000l\000e\000\040\000D\000o\000c\000u\000m\000e\000n\000t\000a\000t\000i\000o\000n}{section.3.3}% 37
\BOOKMARK [3][-]{subsubsection.3.3.2.1}{\376\377\0003\000.\0003\000.\0002\000.\0001\000\040\000\137\000\137\000c\000o\000u\000n\000t\000\137\000a}{subsection.3.3.2}% 38
\BOOKMARK [3][-]{subsubsection.3.3.2.2}{\376\377\0003\000.\0003\000.\0002\000.\0002\000\040\000\137\000\137\000c\000o\000u\000n\000t\000\137\000b}{subsection.3.3.2}% 39
\BOOKMARK [3][-]{subsubsection.3.3.2.3}{\376\377\0003\000.\0003\000.\0002\000.\0003\000\040\000s\000w\000i\000t\000c\000h\000\137\000a\000\137\000c\000b}{subsection.3.3.2}% 40
\BOOKMARK [1][-]{section.3.4}{\376\377\0003\000.\0004\000\040\000h\000a\000r\000d\000w\000a\000r\000e\000I\000O\000.\000h\000\040\000F\000i\000l\000e\000\040\000R\000e\000f\000e\000r\000e\000n\000c\000e}{chapter.3}% 41
\BOOKMARK [2][-]{subsection.3.4.1}{\376\377\0003\000.\0004\000.\0001\000\040\000F\000u\000n\000c\000t\000i\000o\000n\000\040\000D\000o\000c\000u\000m\000e\000n\000t\000a\000t\000i\000o\000n}{section.3.4}% 42
\BOOKMARK [3][-]{subsubsection.3.4.1.1}{\376\377\0003\000.\0004\000.\0001\000.\0001\000\040\000i\000n\000i\000t\000\137\000e\000n\000c\000o\000d\000e\000r\000s\000\050\000\051}{subsection.3.4.1}% 43
\BOOKMARK [3][-]{subsubsection.3.4.1.2}{\376\377\0003\000.\0004\000.\0001\000.\0002\000\040\000i\000n\000i\000t\000\137\000s\000w\000i\000t\000c\000h\000e\000s\000\050\000\051}{subsection.3.4.1}% 44
\BOOKMARK [1][-]{section.3.5}{\376\377\0003\000.\0005\000\040\000i\0002\000c\000.\000c\000\040\000F\000i\000l\000e\000\040\000R\000e\000f\000e\000r\000e\000n\000c\000e}{chapter.3}% 45
\BOOKMARK [2][-]{subsection.3.5.1}{\376\377\0003\000.\0005\000.\0001\000\040\000F\000u\000n\000c\000t\000i\000o\000n\000\040\000D\000o\000c\000u\000m\000e\000n\000t\000a\000t\000i\000o\000n}{section.3.5}% 46
\BOOKMARK [3][-]{subsubsection.3.5.1.1}{\376\377\0003\000.\0005\000.\0001\000.\0001\000\040\000i\0002\000c\000\137\000s\000l\000a\000v\000e\000\137\000i\000n\000i\000t\000\050\000\051}{subsection.3.5.1}% 47
\BOOKMARK [3][-]{subsubsection.3.5.1.2}{\376\377\0003\000.\0005\000.\0001\000.\0002\000\040\000U\000S\000C\000I\000B\0000\000\137\000I\000S\000R\000\050\000\051}{subsection.3.5.1}% 48
\BOOKMARK [1][-]{section.3.6}{\376\377\0003\000.\0006\000\040\000i\0002\000c\000.\000h\000\040\000F\000i\000l\000e\000\040\000R\000e\000f\000e\000r\000e\000n\000c\000e}{chapter.3}% 49
\BOOKMARK [2][-]{subsection.3.6.1}{\376\377\0003\000.\0006\000.\0001\000\040\000M\000a\000c\000r\000o\000\040\000D\000e\000f\000i\000n\000i\000t\000i\000o\000n\000\040\000D\000o\000c\000u\000m\000e\000n\000t\000a\000t\000i\000o\000n}{section.3.6}% 50
\BOOKMARK [3][-]{subsubsection.3.6.1.1}{\376\377\0003\000.\0006\000.\0001\000.\0001\000\040\000S\000C\000L\000\137\000P\000I\000N}{subsection.3.6.1}% 51
\BOOKMARK [3][-]{subsubsection.3.6.1.2}{\376\377\0003\000.\0006\000.\0001\000.\0002\000\040\000S\000D\000A\000\137\000P\000I\000N}{subsection.3.6.1}% 52
\BOOKMARK [2][-]{subsection.3.6.2}{\376\377\0003\000.\0006\000.\0002\000\040\000F\000u\000n\000c\000t\000i\000o\000n\000\040\000D\000o\000c\000u\000m\000e\000n\000t\000a\000t\000i\000o\000n}{section.3.6}% 53
\BOOKMARK [3][-]{subsubsection.3.6.2.1}{\376\377\0003\000.\0006\000.\0002\000.\0001\000\040\000i\0002\000c\000\137\000s\000l\000a\000v\000e\000\137\000i\000n\000i\000t\000\050\000\051}{subsection.3.6.2}% 54
\BOOKMARK [2][-]{subsection.3.6.3}{\376\377\0003\000.\0006\000.\0003\000\040\000V\000a\000r\000i\000a\000b\000l\000e\000\040\000D\000o\000c\000u\000m\000e\000n\000t\000a\000t\000i\000o\000n}{section.3.6}% 55
\BOOKMARK [3][-]{subsubsection.3.6.3.1}{\376\377\0003\000.\0006\000.\0003\000.\0001\000\040\000r\000e\000c\000e\000i\000v\000e\000\137\000f\000u\000n\000c}{subsection.3.6.3}% 56
\BOOKMARK [3][-]{subsubsection.3.6.3.2}{\376\377\0003\000.\0006\000.\0003\000.\0002\000\040\000s\000t\000a\000r\000t\000\137\000f\000u\000n\000c}{subsection.3.6.3}% 57
\BOOKMARK [3][-]{subsubsection.3.6.3.3}{\376\377\0003\000.\0006\000.\0003\000.\0003\000\040\000s\000t\000o\000p\000\137\000f\000u\000n\000c}{subsection.3.6.3}% 58
\BOOKMARK [3][-]{subsubsection.3.6.3.4}{\376\377\0003\000.\0006\000.\0003\000.\0004\000\040\000t\000r\000a\000n\000s\000m\000i\000t\000\137\000f\000u\000n\000c}{subsection.3.6.3}% 59
\BOOKMARK [1][-]{section.3.7}{\376\377\0003\000.\0007\000\040\000m\000a\000i\000n\000.\000c\000\040\000F\000i\000l\000e\000\040\000R\000e\000f\000e\000r\000e\000n\000c\000e}{chapter.3}% 60
\BOOKMARK [2][-]{subsection.3.7.1}{\376\377\0003\000.\0007\000.\0001\000\040\000M\000a\000c\000r\000o\000\040\000D\000e\000f\000i\000n\000i\000t\000i\000o\000n\000\040\000D\000o\000c\000u\000m\000e\000n\000t\000a\000t\000i\000o\000n}{section.3.7}% 61
\BOOKMARK [3][-]{subsubsection.3.7.1.1}{\376\377\0003\000.\0007\000.\0001\000.\0001\000\040\000e\000v\000e\000r}{subsection.3.7.1}% 62
\BOOKMARK [2][-]{subsection.3.7.2}{\376\377\0003\000.\0007\000.\0002\000\040\000F\000u\000n\000c\000t\000i\000o\000n\000\040\000D\000o\000c\000u\000m\000e\000n\000t\000a\000t\000i\000o\000n}{section.3.7}% 63
\BOOKMARK [3][-]{subsubsection.3.7.2.1}{\376\377\0003\000.\0007\000.\0002\000.\0001\000\040\000m\000a\000i\000n\000\050\000\051}{subsection.3.7.2}% 64
\BOOKMARK [1][-]{section.3.8}{\376\377\0003\000.\0008\000\040\000p\000w\000m\000.\000c\000\040\000F\000i\000l\000e\000\040\000R\000e\000f\000e\000r\000e\000n\000c\000e}{chapter.3}% 65
\BOOKMARK [2][-]{subsection.3.8.1}{\376\377\0003\000.\0008\000.\0001\000\040\000F\000u\000n\000c\000t\000i\000o\000n\000\040\000D\000o\000c\000u\000m\000e\000n\000t\000a\000t\000i\000o\000n}{section.3.8}% 66
\BOOKMARK [3][-]{subsubsection.3.8.1.1}{\376\377\0003\000.\0008\000.\0001\000.\0001\000\040\000i\000n\000i\000t\000\137\000c\000l\000k\000\137\000s\000r\000c\000\050\000\051}{subsection.3.8.1}% 67
\BOOKMARK [3][-]{subsubsection.3.8.1.2}{\376\377\0003\000.\0008\000.\0001\000.\0002\000\040\000i\000n\000i\000t\000\137\000P\000W\000M\000\137\000A\000\050\000\051}{subsection.3.8.1}% 68
\BOOKMARK [3][-]{subsubsection.3.8.1.3}{\376\377\0003\000.\0008\000.\0001\000.\0003\000\040\000i\000n\000i\000t\000\137\000P\000W\000M\000\137\000B\000\050\000\051}{subsection.3.8.1}% 69
\BOOKMARK [3][-]{subsubsection.3.8.1.4}{\376\377\0003\000.\0008\000.\0001\000.\0004\000\040\000s\000e\000t\000\137\000P\000W\000M\000\137\000A\000\050\000\051}{subsection.3.8.1}% 70
\BOOKMARK [3][-]{subsubsection.3.8.1.5}{\376\377\0003\000.\0008\000.\0001\000.\0005\000\040\000s\000e\000t\000\137\000P\000W\000M\000\137\000B\000\050\000\051}{subsection.3.8.1}% 71
\BOOKMARK [1][-]{section.3.9}{\376\377\0003\000.\0009\000\040\000p\000w\000m\000.\000h\000\040\000F\000i\000l\000e\000\040\000R\000e\000f\000e\000r\000e\000n\000c\000e}{chapter.3}% 72
\BOOKMARK [2][-]{subsection.3.9.1}{\376\377\0003\000.\0009\000.\0001\000\040\000M\000a\000c\000r\000o\000\040\000D\000e\000f\000i\000n\000i\000t\000i\000o\000n\000\040\000D\000o\000c\000u\000m\000e\000n\000t\000a\000t\000i\000o\000n}{section.3.9}% 73
\BOOKMARK [3][-]{subsubsection.3.9.1.1}{\376\377\0003\000.\0009\000.\0001\000.\0001\000\040\000M\000A\000X}{subsection.3.9.1}% 74
\BOOKMARK [3][-]{subsubsection.3.9.1.2}{\376\377\0003\000.\0009\000.\0001\000.\0002\000\040\000M\000I\000N}{subsection.3.9.1}% 75
\BOOKMARK [3][-]{subsubsection.3.9.1.3}{\376\377\0003\000.\0009\000.\0001\000.\0003\000\040\000P\000W\000M\000P\000I\000N\000A}{subsection.3.9.1}% 76
\BOOKMARK [3][-]{subsubsection.3.9.1.4}{\376\377\0003\000.\0009\000.\0001\000.\0004\000\040\000P\000W\000M\000P\000I\000N\000B}{subsection.3.9.1}% 77
\BOOKMARK [2][-]{subsection.3.9.2}{\376\377\0003\000.\0009\000.\0002\000\040\000F\000u\000n\000c\000t\000i\000o\000n\000\040\000D\000o\000c\000u\000m\000e\000n\000t\000a\000t\000i\000o\000n}{section.3.9}% 78
\BOOKMARK [3][-]{subsubsection.3.9.2.1}{\376\377\0003\000.\0009\000.\0002\000.\0001\000\040\000i\000n\000i\000t\000\137\000c\000l\000k\000\137\000s\000r\000c\000\050\000\051}{subsection.3.9.2}% 79
\BOOKMARK [3][-]{subsubsection.3.9.2.2}{\376\377\0003\000.\0009\000.\0002\000.\0002\000\040\000i\000n\000i\000t\000\137\000P\000W\000M\000\137\000A\000\050\000\051}{subsection.3.9.2}% 80
\BOOKMARK [3][-]{subsubsection.3.9.2.3}{\376\377\0003\000.\0009\000.\0002\000.\0003\000\040\000i\000n\000i\000t\000\137\000P\000W\000M\000\137\000B\000\050\000\051}{subsection.3.9.2}% 81
\BOOKMARK [3][-]{subsubsection.3.9.2.4}{\376\377\0003\000.\0009\000.\0002\000.\0004\000\040\000s\000e\000t\000\137\000P\000W\000M\000\137\000A\000\050\000\051}{subsection.3.9.2}% 82
\BOOKMARK [3][-]{subsubsection.3.9.2.5}{\376\377\0003\000.\0009\000.\0002\000.\0005\000\040\000s\000e\000t\000\137\000P\000W\000M\000\137\000B\000\050\000\051}{subsection.3.9.2}% 83
\BOOKMARK [1][-]{section.3.10}{\376\377\0003\000.\0001\0000\000\040\000R\000E\000A\000D\000M\000E\000.\000m\000d\000\040\000F\000i\000l\000e\000\040\000R\000e\000f\000e\000r\000e\000n\000c\000e}{chapter.3}% 84
\BOOKMARK [1][-]{section.3.11}{\376\377\0003\000.\0001\0001\000\040\000r\000e\000m\000e\000x\000.\000c\000\040\000F\000i\000l\000e\000\040\000R\000e\000f\000e\000r\000e\000n\000c\000e}{chapter.3}% 85
\BOOKMARK [2][-]{subsection.3.11.1}{\376\377\0003\000.\0001\0001\000.\0001\000\040\000F\000u\000n\000c\000t\000i\000o\000n\000\040\000D\000o\000c\000u\000m\000e\000n\000t\000a\000t\000i\000o\000n}{section.3.11}% 86
\BOOKMARK [3][-]{subsubsection.3.11.1.1}{\376\377\0003\000.\0001\0001\000.\0001\000.\0001\000\040\000a\000d\000c\000\137\000c\000h\000a\000n\000n\000e\000l\000\137\000a\000\050\000\051}{subsection.3.11.1}% 87
\BOOKMARK [3][-]{subsubsection.3.11.1.2}{\376\377\0003\000.\0001\0001\000.\0001\000.\0002\000\040\000c\000l\000e\000a\000r\000\137\000r\000e\000g\000i\000s\000t\000e\000r\000s\000\050\000\051}{subsection.3.11.1}% 88
\BOOKMARK [3][-]{subsubsection.3.11.1.3}{\376\377\0003\000.\0001\0001\000.\0001\000.\0003\000\040\000i\000n\000i\000t\000\050\000\051}{subsection.3.11.1}% 89
\BOOKMARK [3][-]{subsubsection.3.11.1.4}{\376\377\0003\000.\0001\0001\000.\0001\000.\0004\000\040\000i\000n\000t\0002\000s\000t\000r\000\050\000\051}{subsection.3.11.1}% 90
\BOOKMARK [3][-]{subsubsection.3.11.1.5}{\376\377\0003\000.\0001\0001\000.\0001\000.\0005\000\040\000l\000o\000o\000p\000\050\000\051}{subsection.3.11.1}% 91
\BOOKMARK [3][-]{subsubsection.3.11.1.6}{\376\377\0003\000.\0001\0001\000.\0001\000.\0006\000\040\000p\000r\000o\000c\000e\000s\000s\000\137\000c\000m\000d\000\050\000\051}{subsection.3.11.1}% 92
\BOOKMARK [3][-]{subsubsection.3.11.1.7}{\376\377\0003\000.\0001\0001\000.\0001\000.\0007\000\040\000r\000e\000c\000e\000i\000v\000e\000\137\000c\000b\000\050\000\051}{subsection.3.11.1}% 93
\BOOKMARK [3][-]{subsubsection.3.11.1.8}{\376\377\0003\000.\0001\0001\000.\0001\000.\0008\000\040\000s\000t\000a\000r\000t\000\137\000c\000o\000n\000d\000i\000t\000i\000o\000n\000\137\000c\000b\000\050\000\051}{subsection.3.11.1}% 94
\BOOKMARK [3][-]{subsubsection.3.11.1.9}{\376\377\0003\000.\0001\0001\000.\0001\000.\0009\000\040\000s\000t\000o\000p\000\137\000c\000o\000n\000d\000i\000t\000i\000o\000n\000\137\000c\000b\000\050\000\051}{subsection.3.11.1}% 95
\BOOKMARK [3][-]{subsubsection.3.11.1.10}{\376\377\0003\000.\0001\0001\000.\0001\000.\0001\0000\000\040\000t\000r\000a\000n\000s\000m\000i\000t\000\137\000c\000b\000\050\000\051}{subsection.3.11.1}% 96
\BOOKMARK [2][-]{subsection.3.11.2}{\376\377\0003\000.\0001\0001\000.\0002\000\040\000V\000a\000r\000i\000a\000b\000l\000e\000\040\000D\000o\000c\000u\000m\000e\000n\000t\000a\000t\000i\000o\000n}{section.3.11}% 97
\BOOKMARK [3][-]{subsubsection.3.11.2.1}{\376\377\0003\000.\0001\0001\000.\0002\000.\0001\000\040\000e\000n\000c\000\137\000s\000t\000r}{subsection.3.11.2}% 98
\BOOKMARK [3][-]{subsubsection.3.11.2.2}{\376\377\0003\000.\0001\0001\000.\0002\000.\0002\000\040\000e\000n\000c\000o\000d\000e\000r}{subsection.3.11.2}% 99
\BOOKMARK [3][-]{subsubsection.3.11.2.3}{\376\377\0003\000.\0001\0001\000.\0002\000.\0003\000\040\000r\000e\000g}{subsection.3.11.2}% 100
\BOOKMARK [3][-]{subsubsection.3.11.2.4}{\376\377\0003\000.\0001\0001\000.\0002\000.\0004\000\040\000r\000e\000g\000m\000a\000p}{subsection.3.11.2}% 101
\BOOKMARK [3][-]{subsubsection.3.11.2.5}{\376\377\0003\000.\0001\0001\000.\0002\000.\0005\000\040\000s\000t\000a\000t\000e}{subsection.3.11.2}% 102
\BOOKMARK [1][-]{section.3.12}{\376\377\0003\000.\0001\0002\000\040\000r\000e\000m\000e\000x\000.\000h\000\040\000F\000i\000l\000e\000\040\000R\000e\000f\000e\000r\000e\000n\000c\000e}{chapter.3}% 103
\BOOKMARK [2][-]{subsection.3.12.1}{\376\377\0003\000.\0001\0002\000.\0001\000\040\000M\000a\000c\000r\000o\000\040\000D\000e\000f\000i\000n\000i\000t\000i\000o\000n\000\040\000D\000o\000c\000u\000m\000e\000n\000t\000a\000t\000i\000o\000n}{section.3.12}% 104
\BOOKMARK [3][-]{subsubsection.3.12.1.1}{\376\377\0003\000.\0001\0002\000.\0001\000.\0001\000\040\000A\000D\000C\000\137\000A\000\137\000H}{subsection.3.12.1}% 105
\BOOKMARK [3][-]{subsubsection.3.12.1.2}{\376\377\0003\000.\0001\0002\000.\0001\000.\0002\000\040\000A\000D\000C\000\137\000A\000\137\000L}{subsection.3.12.1}% 106
\BOOKMARK [3][-]{subsubsection.3.12.1.3}{\376\377\0003\000.\0001\0002\000.\0001\000.\0003\000\040\000A\000D\000C\000\137\000B\000\137\000H}{subsection.3.12.1}% 107
\BOOKMARK [3][-]{subsubsection.3.12.1.4}{\376\377\0003\000.\0001\0002\000.\0001\000.\0004\000\040\000A\000D\000C\000\137\000B\000\137\000L}{subsection.3.12.1}% 108
\BOOKMARK [3][-]{subsubsection.3.12.1.5}{\376\377\0003\000.\0001\0002\000.\0001\000.\0005\000\040\000A\000D\000C\000\137\000C\000\137\000H}{subsection.3.12.1}% 109
\BOOKMARK [3][-]{subsubsection.3.12.1.6}{\376\377\0003\000.\0001\0002\000.\0001\000.\0006\000\040\000A\000D\000C\000\137\000C\000\137\000L}{subsection.3.12.1}% 110
\BOOKMARK [3][-]{subsubsection.3.12.1.7}{\376\377\0003\000.\0001\0002\000.\0001\000.\0007\000\040\000c\000o\000m\000m\000a\000n\000d\000\137\000r\000e\000g}{subsection.3.12.1}% 111
\BOOKMARK [3][-]{subsubsection.3.12.1.8}{\376\377\0003\000.\0001\0002\000.\0001\000.\0008\000\040\000c\000u\000r\000r\000e\000n\000t\000\137\000d\000u\000r\000a\000t\000i\000o\000n\000\137\000H}{subsection.3.12.1}% 112
\BOOKMARK [3][-]{subsubsection.3.12.1.9}{\376\377\0003\000.\0001\0002\000.\0001\000.\0009\000\040\000c\000u\000r\000r\000e\000n\000t\000\137\000d\000u\000r\000a\000t\000i\000o\000n\000\137\000L}{subsection.3.12.1}% 113
\BOOKMARK [3][-]{subsubsection.3.12.1.10}{\376\377\0003\000.\0001\0002\000.\0001\000.\0001\0000\000\040\000d\000e\000s\000\137\000p\000o\000s\000\137\000a\000\137\000H}{subsection.3.12.1}% 114
\BOOKMARK [3][-]{subsubsection.3.12.1.11}{\376\377\0003\000.\0001\0002\000.\0001\000.\0001\0001\000\040\000d\000e\000s\000\137\000p\000o\000s\000\137\000a\000\137\000L}{subsection.3.12.1}% 115
\BOOKMARK [3][-]{subsubsection.3.12.1.12}{\376\377\0003\000.\0001\0002\000.\0001\000.\0001\0002\000\040\000d\000e\000s\000\137\000p\000o\000s\000\137\000b\000\137\000H}{subsection.3.12.1}% 116
\BOOKMARK [3][-]{subsubsection.3.12.1.13}{\376\377\0003\000.\0001\0002\000.\0001\000.\0001\0003\000\040\000d\000e\000s\000\137\000p\000o\000s\000\137\000b\000\137\000L}{subsection.3.12.1}% 117
\BOOKMARK [3][-]{subsubsection.3.12.1.14}{\376\377\0003\000.\0001\0002\000.\0001\000.\0001\0004\000\040\000d\000e\000s\000\137\000s\000p\000e\000e\000d\000\137\000a\000\137\000H}{subsection.3.12.1}% 118
\BOOKMARK [3][-]{subsubsection.3.12.1.15}{\376\377\0003\000.\0001\0002\000.\0001\000.\0001\0005\000\040\000d\000e\000s\000\137\000s\000p\000e\000e\000d\000\137\000a\000\137\000L}{subsection.3.12.1}% 119
\BOOKMARK [3][-]{subsubsection.3.12.1.16}{\376\377\0003\000.\0001\0002\000.\0001\000.\0001\0006\000\040\000d\000e\000s\000\137\000s\000p\000e\000e\000d\000\137\000b\000\137\000H}{subsection.3.12.1}% 120
\BOOKMARK [3][-]{subsubsection.3.12.1.17}{\376\377\0003\000.\0001\0002\000.\0001\000.\0001\0007\000\040\000d\000e\000s\000\137\000s\000p\000e\000e\000d\000\137\000b\000\137\000L}{subsection.3.12.1}% 121
\BOOKMARK [3][-]{subsubsection.3.12.1.18}{\376\377\0003\000.\0001\0002\000.\0001\000.\0001\0008\000\040\000m\000a\000x\000\137\000c\000u\000r\000r\000e\000n\000t\000\137\000H}{subsection.3.12.1}% 122
\BOOKMARK [3][-]{subsubsection.3.12.1.19}{\376\377\0003\000.\0001\0002\000.\0001\000.\0001\0009\000\040\000m\000a\000x\000\137\000c\000u\000r\000r\000e\000n\000t\000\137\000L}{subsection.3.12.1}% 123
\BOOKMARK [3][-]{subsubsection.3.12.1.20}{\376\377\0003\000.\0001\0002\000.\0001\000.\0002\0000\000\040\000m\000o\000d\000e\000\137\000r\000e\000g}{subsection.3.12.1}% 124
\BOOKMARK [3][-]{subsubsection.3.12.1.21}{\376\377\0003\000.\0001\0002\000.\0001\000.\0002\0001\000\040\000p\000o\000s\000i\000t\000i\000o\000n\000\137\000a\000\137\000H}{subsection.3.12.1}% 125
\BOOKMARK [3][-]{subsubsection.3.12.1.22}{\376\377\0003\000.\0001\0002\000.\0001\000.\0002\0002\000\040\000p\000o\000s\000i\000t\000i\000o\000n\000\137\000a\000\137\000L}{subsection.3.12.1}% 126
\BOOKMARK [3][-]{subsubsection.3.12.1.23}{\376\377\0003\000.\0001\0002\000.\0001\000.\0002\0003\000\040\000p\000o\000s\000i\000t\000i\000o\000n\000\137\000b\000\137\000H}{subsection.3.12.1}% 127
\BOOKMARK [3][-]{subsubsection.3.12.1.24}{\376\377\0003\000.\0001\0002\000.\0001\000.\0002\0004\000\040\000p\000o\000s\000i\000t\000i\000o\000n\000\137\000b\000\137\000L}{subsection.3.12.1}% 128
\BOOKMARK [3][-]{subsubsection.3.12.1.25}{\376\377\0003\000.\0001\0002\000.\0001\000.\0002\0005\000\040\000R\000E\000A\000D\000O\000N\000L\000Y}{subsection.3.12.1}% 129
\BOOKMARK [3][-]{subsubsection.3.12.1.26}{\376\377\0003\000.\0001\0002\000.\0001\000.\0002\0006\000\040\000R\000E\000G\000M\000A\000P\000\137\000S\000I\000Z\000E}{subsection.3.12.1}% 130
\BOOKMARK [3][-]{subsubsection.3.12.1.27}{\376\377\0003\000.\0001\0002\000.\0001\000.\0002\0007\000\040\000r\000e\000m\000e\000x\000\137\000s\000t\000a\000t\000e}{subsection.3.12.1}% 131
\BOOKMARK [3][-]{subsubsection.3.12.1.28}{\376\377\0003\000.\0001\0002\000.\0001\000.\0002\0008\000\040\000S\000L\000A\000V\000E\000\137\000A\000D\000D\000R}{subsection.3.12.1}% 132
\BOOKMARK [3][-]{subsubsection.3.12.1.29}{\376\377\0003\000.\0001\0002\000.\0001\000.\0002\0009\000\040\000s\000w\000i\000t\000c\000h\000\137\000s\000t\000a\000t\000e\000s}{subsection.3.12.1}% 133
\BOOKMARK [3][-]{subsubsection.3.12.1.30}{\376\377\0003\000.\0001\0002\000.\0001\000.\0003\0000\000\040\000U\000N\000K\000N\000O\000W\000N\000\137\000P\000A\000R}{subsection.3.12.1}% 134
\BOOKMARK [3][-]{subsubsection.3.12.1.31}{\376\377\0003\000.\0001\0002\000.\0001\000.\0003\0001\000\040\000U\000N\000K\000N\000O\000W\000N\000\137\000R\000E\000G}{subsection.3.12.1}% 135
\BOOKMARK [2][-]{subsection.3.12.2}{\376\377\0003\000.\0001\0002\000.\0002\000\040\000E\000n\000u\000m\000e\000r\000a\000t\000i\000o\000n\000\040\000T\000y\000p\000e\000\040\000D\000o\000c\000u\000m\000e\000n\000t\000a\000t\000i\000o\000n}{section.3.12}% 136
\BOOKMARK [3][-]{subsubsection.3.12.2.1}{\376\377\0003\000.\0001\0002\000.\0002\000.\0001\000\040\000i\0002\000c\000\137\000s\000t\000a\000t\000e\000s}{subsection.3.12.2}% 137
\BOOKMARK [2][-]{subsection.3.12.3}{\376\377\0003\000.\0001\0002\000.\0003\000\040\000F\000u\000n\000c\000t\000i\000o\000n\000\040\000D\000o\000c\000u\000m\000e\000n\000t\000a\000t\000i\000o\000n}{section.3.12}% 138
\BOOKMARK [3][-]{subsubsection.3.12.3.1}{\376\377\0003\000.\0001\0002\000.\0003\000.\0001\000\040\000a\000d\000c\000\137\000c\000h\000a\000n\000n\000e\000l\000\137\000a\000\050\000\051}{subsection.3.12.3}% 139
\BOOKMARK [3][-]{subsubsection.3.12.3.2}{\376\377\0003\000.\0001\0002\000.\0003\000.\0002\000\040\000a\000d\000c\000\137\000c\000h\000a\000n\000n\000e\000l\000\137\000b\000\050\000\051}{subsection.3.12.3}% 140
\BOOKMARK [3][-]{subsubsection.3.12.3.3}{\376\377\0003\000.\0001\0002\000.\0003\000.\0003\000\040\000a\000d\000c\000\137\000c\000h\000a\000n\000n\000e\000l\000\137\000c\000\050\000\051}{subsection.3.12.3}% 141
\BOOKMARK [3][-]{subsubsection.3.12.3.4}{\376\377\0003\000.\0001\0002\000.\0003\000.\0004\000\040\000c\000l\000e\000a\000r\000\137\000r\000e\000g\000i\000s\000t\000e\000r\000s\000\050\000\051}{subsection.3.12.3}% 142
\BOOKMARK [3][-]{subsubsection.3.12.3.5}{\376\377\0003\000.\0001\0002\000.\0003\000.\0005\000\040\000i\000n\000i\000t\000\050\000\051}{subsection.3.12.3}% 143
\BOOKMARK [3][-]{subsubsection.3.12.3.6}{\376\377\0003\000.\0001\0002\000.\0003\000.\0006\000\040\000i\000n\000t\0002\000s\000t\000r\000\050\000\051}{subsection.3.12.3}% 144
\BOOKMARK [3][-]{subsubsection.3.12.3.7}{\376\377\0003\000.\0001\0002\000.\0003\000.\0007\000\040\000l\000o\000o\000p\000\050\000\051}{subsection.3.12.3}% 145
\BOOKMARK [3][-]{subsubsection.3.12.3.8}{\376\377\0003\000.\0001\0002\000.\0003\000.\0008\000\040\000p\000r\000o\000c\000e\000s\000s\000\137\000c\000m\000d\000\050\000\051}{subsection.3.12.3}% 146
\BOOKMARK [3][-]{subsubsection.3.12.3.9}{\376\377\0003\000.\0001\0002\000.\0003\000.\0009\000\040\000r\000e\000c\000e\000i\000v\000e\000\137\000c\000b\000\050\000\051}{subsection.3.12.3}% 147
\BOOKMARK [3][-]{subsubsection.3.12.3.10}{\376\377\0003\000.\0001\0002\000.\0003\000.\0001\0000\000\040\000s\000t\000a\000r\000t\000\137\000c\000o\000n\000d\000i\000t\000i\000o\000n\000\137\000c\000b\000\050\000\051}{subsection.3.12.3}% 148
\BOOKMARK [3][-]{subsubsection.3.12.3.11}{\376\377\0003\000.\0001\0002\000.\0003\000.\0001\0001\000\040\000s\000t\000o\000p\000\137\000c\000o\000n\000d\000i\000t\000i\000o\000n\000\137\000c\000b\000\050\000\051}{subsection.3.12.3}% 149
\BOOKMARK [3][-]{subsubsection.3.12.3.12}{\376\377\0003\000.\0001\0002\000.\0003\000.\0001\0002\000\040\000t\000r\000a\000n\000s\000m\000i\000t\000\137\000c\000b\000\050\000\051}{subsection.3.12.3}% 150
\BOOKMARK [1][-]{section.3.13}{\376\377\0003\000.\0001\0003\000\040\000u\000a\000r\000t\000.\000c\000\040\000F\000i\000l\000e\000\040\000R\000e\000f\000e\000r\000e\000n\000c\000e}{chapter.3}% 151
\BOOKMARK [2][-]{subsection.3.13.1}{\376\377\0003\000.\0001\0003\000.\0001\000\040\000F\000u\000n\000c\000t\000i\000o\000n\000\040\000D\000o\000c\000u\000m\000e\000n\000t\000a\000t\000i\000o\000n}{section.3.13}% 152
\BOOKMARK [3][-]{subsubsection.3.13.1.1}{\376\377\0003\000.\0001\0003\000.\0001\000.\0001\000\040\000i\000n\000i\000t\000\137\000U\000A\000R\000T\000\050\000\051}{subsection.3.13.1}% 153
\BOOKMARK [3][-]{subsubsection.3.13.1.2}{\376\377\0003\000.\0001\0003\000.\0001\000.\0002\000\040\000p\000u\000t\000c\000\050\000\051}{subsection.3.13.1}% 154
\BOOKMARK [3][-]{subsubsection.3.13.1.3}{\376\377\0003\000.\0001\0003\000.\0001\000.\0003\000\040\000p\000u\000t\000s\000\050\000\051}{subsection.3.13.1}% 155
\BOOKMARK [3][-]{subsubsection.3.13.1.4}{\376\377\0003\000.\0001\0003\000.\0001\000.\0004\000\040\000p\000u\000t\000s\000n\000\050\000\051}{subsection.3.13.1}% 156
\BOOKMARK [3][-]{subsubsection.3.13.1.5}{\376\377\0003\000.\0001\0003\000.\0001\000.\0005\000\040\000U\000S\000C\000I\000\137\000A\0001\000\137\000I\000S\000R\000\050\000\051}{subsection.3.13.1}% 157
\BOOKMARK [1][-]{section.3.14}{\376\377\0003\000.\0001\0004\000\040\000u\000a\000r\000t\000.\000h\000\040\000F\000i\000l\000e\000\040\000R\000e\000f\000e\000r\000e\000n\000c\000e}{chapter.3}% 158
\BOOKMARK [2][-]{subsection.3.14.1}{\376\377\0003\000.\0001\0004\000.\0001\000\040\000F\000u\000n\000c\000t\000i\000o\000n\000\040\000D\000o\000c\000u\000m\000e\000n\000t\000a\000t\000i\000o\000n}{section.3.14}% 159
\BOOKMARK [3][-]{subsubsection.3.14.1.1}{\376\377\0003\000.\0001\0004\000.\0001\000.\0001\000\040\000i\000n\000i\000t\000\137\000U\000A\000R\000T\000\050\000\051}{subsection.3.14.1}% 160
\BOOKMARK [3][-]{subsubsection.3.14.1.2}{\376\377\0003\000.\0001\0004\000.\0001\000.\0002\000\040\000p\000u\000t\000c\000\050\000\051}{subsection.3.14.1}% 161
\BOOKMARK [3][-]{subsubsection.3.14.1.3}{\376\377\0003\000.\0001\0004\000.\0001\000.\0003\000\040\000p\000u\000t\000s\000\050\000\051}{subsection.3.14.1}% 162
\BOOKMARK [3][-]{subsubsection.3.14.1.4}{\376\377\0003\000.\0001\0004\000.\0001\000.\0004\000\040\000p\000u\000t\000s\000n\000\050\000\051}{subsection.3.14.1}% 163
\BOOKMARK [0][-]{section*.39}{\376\377\000I\000n\000d\000e\000x}{}% 164
